I'm Listening
Audio uninteligible, known error
I'm Listening
Audio uninteligible, known error
I'm Listening
Audio uninteligible, known error
I'm Listening
Audio uninteligible, known error
I'm Listening
Audio uninteligible, known error
I'm Listening
Audio uninteligible, known error
I'm Listening
you said :hey Mary
I'm Listening
you said :open music
I'm Listening
Audio uninteligible, known error
I'm Listening
you said :play music
I'm Listening
you said :play music
I'm Listening
Audio uninteligible, known error
I'm Listening
Audio uninteligible, known error
I'm Listening
you said :thanks Mary
I'm Listening
Audio uninteligible, known error
I'm Listening
you said :amerine
I'm Listening
you said :stop music
I'm Listening
Audio uninteligible, known error
I'm Listening
Audio uninteligible, known error
I'm Listening
Audio uninteligible, known error
I'm Listening
Audio uninteligible, known error
I'm Listening
Audio uninteligible, known error
I'm Listening
Audio uninteligible, known error
I'm Listening
Audio uninteligible, known error
I'm Listening
Audio uninteligible, known error
I'm Listening
Audio uninteligible, known error
I'm Listening
Audio uninteligible, known error
I'm Listening
Audio uninteligible, known error
I'm Listening
you said :Mary next song
I'm Listening
you said :play music play music
I'm Listening
Audio uninteligible, known error
I'm Listening
Audio uninteligible, known error
I'm Listening
Audio uninteligible, known error
I'm Listening
Audio uninteligible, known error
I'm Listening
you said :next song
I'm Listening
you said :next song
I'm Listening
Audio uninteligible, known error
I'm Listening
you said :thanks Mary
I'm Listening
Audio uninteligible, known error
I'm Listening
Audio uninteligible, known error
I'm Listening
Audio uninteligible, known error
I'm Listening
Audio uninteligible, known error
I'm Listening
Audio uninteligible, known error
I'm Listening
Audio uninteligible, known error
I'm Listening
Audio uninteligible, known error
I'm Listening
Audio uninteligible, known error
I'm Listening
Audio uninteligible, known error
I'm Listening
you said :is love you
I'm Listening
Audio uninteligible, known error
I'm Listening
Audio uninteligible, known error
I'm Listening
Audio uninteligible, known error
I'm Listening
Audio uninteligible, known error
I'm Listening
Audio uninteligible, known error
I'm Listening
Audio uninteligible, known error
I'm Listening
Audio uninteligible, known error
I'm Listening
Audio uninteligible, known error
I'm Listening
Audio uninteligible, known error
I'm Listening
Audio uninteligible, known error
I'm Listening
Audio uninteligible, known error
I'm Listening
you said :no more
I'm Listening
Audio uninteligible, known error
I'm Listening
Audio uninteligible, known error
I'm Listening
you said :Precision calculator me
I'm Listening
Audio uninteligible, known error
I'm Listening
Audio uninteligible, known error
I'm Listening
Audio uninteligible, known error
I'm Listening
Audio uninteligible, known error
I'm Listening
Audio uninteligible, known error
I'm Listening
Audio uninteligible, known error
I'm Listening
Audio uninteligible, known error
I'm Listening
Audio uninteligible, known error
I'm Listening
Audio uninteligible, known error
I'm Listening
Audio uninteligible, known error
I'm Listening
Audio uninteligible, known error
I'm Listening
Audio uninteligible, known error
I'm Listening
Audio uninteligible, known error
I'm Listening
Audio uninteligible, known error
I'm Listening
Audio uninteligible, known error
I'm Listening
Audio uninteligible, known error
I'm Listening
Audio uninteligible, known error
I'm Listening
Audio uninteligible, known error
I'm Listening
Audio uninteligible, known error
I'm Listening
Audio uninteligible, known error
I'm Listening
Audio uninteligible, known error
I'm Listening
Audio uninteligible, known error
I'm Listening
Audio uninteligible, known error
I'm Listening
Audio uninteligible, known error
I'm Listening
Audio uninteligible, known error
I'm Listening
Audio uninteligible, known error
I'm Listening
Audio uninteligible, known error
I'm Listening
you said :no s***
I'm Listening
you said :Mary next
I'm Listening
Audio uninteligible, known error
I'm Listening
you said :nevermind
I'm Listening
Audio uninteligible, known error
I'm Listening
Audio uninteligible, known error
I'm Listening
Audio uninteligible, known error
I'm Listening
Audio uninteligible, known error
I'm Listening
Audio uninteligible, known error
I'm Listening
Audio uninteligible, known error
I'm Listening
Audio uninteligible, known error
I'm Listening
Audio uninteligible, known error
I'm Listening
Audio uninteligible, known error
I'm Listening
Audio uninteligible, known error
I'm Listening
Audio uninteligible, known error
I'm Listening
Audio uninteligible, known error
I'm Listening
Audio uninteligible, known error
I'm Listening
Audio uninteligible, known error
I'm Listening
Audio uninteligible, known error
I'm Listening
Audio uninteligible, known error
I'm Listening
Audio uninteligible, known error
I'm Listening
Audio uninteligible, known error
I'm Listening
Audio uninteligible, known error
I'm Listening
Audio uninteligible, known error
I'm Listening
Audio uninteligible, known error
I'm Listening
you said :awesome
I'm Listening
you said :married
I'm Listening
you said :next
I'm Listening
Audio uninteligible, known error
I'm Listening
Audio uninteligible, known error
I'm Listening
Audio uninteligible, known error
I'm Listening
Audio uninteligible, known error
I'm Listening
Audio uninteligible, known error
I'm Listening
you said :next next track
I'm Listening
Audio uninteligible, known error
I'm Listening
Audio uninteligible, known error
I'm Listening
Audio uninteligible, known error
I'm Listening
you said :Toledo weather
I'm Listening
you said :what's a scallion
I'm Listening
Audio uninteligible, known error
I'm Listening
Audio uninteligible, known error
I'm Listening
Audio uninteligible, known error
I'm Listening
Audio uninteligible, known error
I'm Listening
Audio uninteligible, known error
I'm Listening
Audio uninteligible, known error
I'm Listening
Audio uninteligible, known error
I'm Listening
Audio uninteligible, known error
I'm Listening
Audio uninteligible, known error
I'm Listening
Audio uninteligible, known error
I'm Listening
Audio uninteligible, known error
I'm Listening
Audio uninteligible, known error
I'm Listening
Audio uninteligible, known error
I'm Listening
Audio uninteligible, known error
I'm Listening
Audio uninteligible, known error
I'm Listening
Audio uninteligible, known error
I'm Listening
Audio uninteligible, known error
I'm Listening
Audio uninteligible, known error
I'm Listening
Audio uninteligible, known error
I'm Listening
Audio uninteligible, known error
I'm Listening
Audio uninteligible, known error
I'm Listening
Audio uninteligible, known error
I'm Listening
Audio uninteligible, known error
I'm Listening
Audio uninteligible, known error
I'm Listening
Audio uninteligible, known error
I'm Listening
Audio uninteligible, known error
I'm Listening
Audio uninteligible, known error
I'm Listening
Audio uninteligible, known error
I'm Listening
Audio uninteligible, known error
I'm Listening
Audio uninteligible, known error
I'm Listening
Audio uninteligible, known error
I'm Listening
Audio uninteligible, known error
I'm Listening
Audio uninteligible, known error
I'm Listening
Audio uninteligible, known error
I'm Listening
Audio uninteligible, known error
I'm Listening
Audio uninteligible, known error
I'm Listening
Audio uninteligible, known error
I'm Listening
Audio uninteligible, known error
I'm Listening
Audio uninteligible, known error
I'm Listening
Audio uninteligible, known error
I'm Listening
Audio uninteligible, known error
I'm Listening
Audio uninteligible, known error
I'm Listening
Audio uninteligible, known error
I'm Listening
Audio uninteligible, known error
I'm Listening
Audio uninteligible, known error
I'm Listening
Audio uninteligible, known error
I'm Listening
Audio uninteligible, known error
I'm Listening
Audio uninteligible, known error
I'm Listening
Audio uninteligible, known error
I'm Listening
Audio uninteligible, known error
I'm Listening
Audio uninteligible, known error
I'm Listening
Audio uninteligible, known error
I'm Listening
Audio uninteligible, known error
I'm Listening
Audio uninteligible, known error
I'm Listening
Audio uninteligible, known error
I'm Listening
Audio uninteligible, known error
I'm Listening
Audio uninteligible, known error
I'm Listening
you said :semi-truck Volvo
I'm Listening
Audio uninteligible, known error
I'm Listening
Audio uninteligible, known error
I'm Listening
Audio uninteligible, known error
I'm Listening
Audio uninteligible, known error
I'm Listening
Audio uninteligible, known error
I'm Listening
you said :boom boom boom boom you looking like a ninja
I'm Listening
Audio uninteligible, known error
I'm Listening
Audio uninteligible, known error
I'm Listening
Audio uninteligible, known error
I'm Listening
you said :music
I'm Listening
Audio uninteligible, known error
I'm Listening
you said :UC
I'm Listening
Audio uninteligible, known error
I'm Listening
you said :the computer keys
I'm Listening
Audio uninteligible, known error
I'm Listening
Audio uninteligible, known error
I'm Listening
Audio uninteligible, known error
I'm Listening
Audio uninteligible, known error
I'm Listening
Audio uninteligible, known error
I'm Listening
Audio uninteligible, known error
I'm Listening
Audio uninteligible, known error
I'm Listening
Audio uninteligible, known error
I'm Listening
Audio uninteligible, known error
I'm Listening
Audio uninteligible, known error
I'm Listening
Audio uninteligible, known error
I'm Listening
Audio uninteligible, known error
I'm Listening
Audio uninteligible, known error
I'm Listening
Audio uninteligible, known error
I'm Listening
Audio uninteligible, known error
I'm Listening
Audio uninteligible, known error
I'm Listening
Audio uninteligible, known error
I'm Listening
Audio uninteligible, known error
I'm Listening
Audio uninteligible, known error
I'm Listening
Audio uninteligible, known error
I'm Listening
Audio uninteligible, known error
I'm Listening
Audio uninteligible, known error
I'm Listening
Audio uninteligible, known error
I'm Listening
Audio uninteligible, known error
I'm Listening
Audio uninteligible, known error
I'm Listening
Audio uninteligible, known error
I'm Listening
Audio uninteligible, known error
I'm Listening
Audio uninteligible, known error
I'm Listening
you said :dubious meaning
I'm Listening
Audio uninteligible, known error
I'm Listening
Audio uninteligible, known error
I'm Listening
Audio uninteligible, known error
I'm Listening
Audio uninteligible, known error
I'm Listening
Audio uninteligible, known error
I'm Listening
Audio uninteligible, known error
I'm Listening
Audio uninteligible, known error
I'm Listening
Audio uninteligible, known error
I'm Listening
Audio uninteligible, known error
I'm Listening
Audio uninteligible, known error
I'm Listening
Audio uninteligible, known error
I'm Listening
Audio uninteligible, known error
I'm Listening
Audio uninteligible, known error
I'm Listening
you said :in California
I'm Listening
Audio uninteligible, known error
I'm Listening
Audio uninteligible, known error
I'm Listening
Audio uninteligible, known error
I'm Listening
Audio uninteligible, known error
I'm Listening
Audio uninteligible, known error
I'm Listening
Audio uninteligible, known error
I'm Listening
Audio uninteligible, known error
I'm Listening
Audio uninteligible, known error
I'm Listening
you said :Medical Mall
I'm Listening
Audio uninteligible, known error
I'm Listening
Audio uninteligible, known error
I'm Listening
Audio uninteligible, known error
I'm Listening
Audio uninteligible, known error
I'm Listening
Audio uninteligible, known error
I'm Listening
Audio uninteligible, known error
I'm Listening
Audio uninteligible, known error
I'm Listening
Audio uninteligible, known error
I'm Listening
Audio uninteligible, known error
I'm Listening
Audio uninteligible, known error
I'm Listening
Audio uninteligible, known error
I'm Listening
Audio uninteligible, known error
I'm Listening
Audio uninteligible, known error
I'm Listening
Audio uninteligible, known error
I'm Listening
Audio uninteligible, known error
I'm Listening
you said :everything that you need them.
I'm Listening
you said :Luzerne County
I'm Listening
you said :please you want to see
I'm Listening
Audio uninteligible, known error
I'm Listening
Audio uninteligible, known error
I'm Listening
you said :that's because you were too strong
I'm Listening
Audio uninteligible, known error
I'm Listening
you said :I don't want him to stay
I'm Listening
Audio uninteligible, known error
I'm Listening
you said :search
I'm Listening
you said :I'll be your everything that you
I'm Listening
Audio uninteligible, known error
I'm Listening
Audio uninteligible, known error
I'm Listening
you said :please plan to use Winn-Dixie
I'm Listening
Audio uninteligible, known error
I'm Listening
Audio uninteligible, known error
I'm Listening
Audio uninteligible, known error
I'm Listening
Audio uninteligible, known error
I'm Listening
Audio uninteligible, known error
I'm Listening
Audio uninteligible, known error
I'm Listening
Audio uninteligible, known error
I'm Listening
Audio uninteligible, known error
I'm Listening
you said :I thought you know them
I'm Listening
Audio uninteligible, known error
I'm Listening
Audio uninteligible, known error
I'm Listening
Audio uninteligible, known error
I'm Listening
Audio uninteligible, known error
I'm Listening
you said :lymph node cancer symptoms
I'm Listening
Audio uninteligible, known error
I'm Listening
Audio uninteligible, known error
I'm Listening
Audio uninteligible, known error
I'm Listening
Audio uninteligible, known error
I'm Listening
Audio uninteligible, known error
I'm Listening
you said :why would I
I'm Listening
Audio uninteligible, known error
I'm Listening
Audio uninteligible, known error
I'm Listening
Audio uninteligible, known error
I'm Listening
Audio uninteligible, known error
I'm Listening
Audio uninteligible, known error
I'm Listening
Audio uninteligible, known error
I'm Listening
Audio uninteligible, known error
I'm Listening
you said :translation station
I'm Listening
Audio uninteligible, known error
I'm Listening
Audio uninteligible, known error
I'm Listening
Audio uninteligible, known error
I'm Listening
Audio uninteligible, known error
I'm Listening
Audio uninteligible, known error
I'm Listening
Audio uninteligible, known error
I'm Listening
Audio uninteligible, known error
I'm Listening
Audio uninteligible, known error
I'm Listening
Audio uninteligible, known error
I'm Listening
Audio uninteligible, known error
I'm Listening
Audio uninteligible, known error
I'm Listening
Audio uninteligible, known error
I'm Listening
Audio uninteligible, known error
I'm Listening
Audio uninteligible, known error
I'm Listening
Audio uninteligible, known error
I'm Listening
Audio uninteligible, known error
I'm Listening
Audio uninteligible, known error
I'm Listening
Audio uninteligible, known error
I'm Listening
Audio uninteligible, known error
I'm Listening
Audio uninteligible, known error
I'm Listening
Audio uninteligible, known error
I'm Listening
you said :look up
I'm Listening
Audio uninteligible, known error
I'm Listening
Audio uninteligible, known error
I'm Listening
Audio uninteligible, known error
I'm Listening
Audio uninteligible, known error
I'm Listening
Audio uninteligible, known error
I'm Listening
Audio uninteligible, known error
I'm Listening
you said :Mary
I'm Listening
you said :Google, Google
I'm Listening
you said :hey Mary
I'm Listening
Audio uninteligible, known error
I'm Listening
you said :silence stop music
I'm Listening
Audio uninteligible, known error
I'm Listening
Audio uninteligible, known error
I'm Listening
Audio uninteligible, known error
I'm Listening
you said :play music
I'm Listening
you said :next
I'm Listening
you said :next next track
I'm Listening
you said :next
I'm Listening
Audio uninteligible, known error
I'm Listening
you said :Mexico
I'm Listening
you said :next
I'm Listening
Audio uninteligible, known error
I'm Listening
you said :next song
I'm Listening
you said :next
I'm Listening
you said :next
I'm Listening
you said :next
I'm Listening
you said :next
I'm Listening
you said :next
I'm Listening
you said :next
I'm Listening
Unable to find application named 'google'
Unable to find application named 'google'
Unable to find application named 'chrome'
I'm Listening
waiting for audio...
I'm Listening
you said :hey Mary
I'm Listening
you said :nevermind
I'm Listening
you said :because I want you to pay attention
I'm Listening
you said :precisely 30 seconds forward xtrons watches the one appears bottle third the second hand moves with a fluid sweet and a buback Accutron time you going to a business meeting
I'm Listening
waiting for audio...
I'm Listening
you said :outlining the benefits
I'm Listening
you said :nice way to say that
I'm Listening
you said :Accutron
I'm Listening
you said :I don't know it sounds like to me
I'm Listening
you said :Royal Honey
I'm Listening
you said :great brunch Sunday morning
I'm Listening
you said :bye-bye feeling really good for my last night
I'm Listening
waiting for audio...
I'm Listening
waiting for audio...
I'm Listening
you said :Samsung Smart camera
I'm Listening
waiting for audio...
I'm Listening
waiting for audio...
I'm Listening
waiting for audio...
I'm Listening
waiting for audio...
I'm Listening
waiting for audio...
I'm Listening
you said :extremely
I'm Listening
waiting for audio...
I'm Listening
waiting for audio...
I'm Listening
waiting for audio...
I'm Listening
waiting for audio...
I'm Listening
you said :Keith Urban
I'm Listening
waiting for audio...
I'm Listening
waiting for audio...
I'm Listening
waiting for audio...
I'm Listening
waiting for audio...
I'm Listening
waiting for audio...
I'm Listening
you said :what is the weather in
I'm Listening
waiting for audio...
I'm Listening
waiting for audio...
I'm Listening
waiting for audio...
I'm Listening
waiting for audio...
I'm Listening
waiting for audio...
I'm Listening
waiting for audio...
I'm Listening
waiting for audio...
I'm Listening
waiting for audio...
I'm Listening
you said :appreciate your company
I'm Listening
waiting for audio...
I'm Listening
you said :time to be on time
I'm Listening
you said :how about time for a conversation
I'm Listening
waiting for audio...
I'm Listening
you said :January in LA
I'm Listening
waiting for audio...
I'm Listening
you said :one thing out of the way that it was important to me that you know the man you why you spending so much time with
I'm Listening
waiting for audio...
I'm Listening
waiting for audio...
I'm Listening
you said :what is it
I'm Listening
waiting for audio...
I'm Listening
waiting for audio...
I'm Listening
waiting for audio...
I'm Listening
waiting for audio...
I'm Listening
waiting for audio...
I'm Listening
waiting for audio...
I'm Listening
waiting for audio...
I'm Listening
waiting for audio...
I'm Listening
waiting for audio...
I'm Listening
waiting for audio...
I'm Listening
you said :OUC
I'm Listening
waiting for audio...
I'm Listening
waiting for audio...
I'm Listening
waiting for audio...
I'm Listening
waiting for audio...
I'm Listening
Traceback (most recent call last):
  File "/Library/Frameworks/Python.framework/Versions/3.8/lib/python3.8/urllib/request.py", line 1319, in do_open
    h.request(req.get_method(), req.selector, req.data, headers,
  File "/Library/Frameworks/Python.framework/Versions/3.8/lib/python3.8/http/client.py", line 1230, in request
    self._send_request(method, url, body, headers, encode_chunked)
  File "/Library/Frameworks/Python.framework/Versions/3.8/lib/python3.8/http/client.py", line 1276, in _send_request
    self.endheaders(body, encode_chunked=encode_chunked)
  File "/Library/Frameworks/Python.framework/Versions/3.8/lib/python3.8/http/client.py", line 1225, in endheaders
    self._send_output(message_body, encode_chunked=encode_chunked)
  File "/Library/Frameworks/Python.framework/Versions/3.8/lib/python3.8/http/client.py", line 1043, in _send_output
    self.send(chunk)
  File "/Library/Frameworks/Python.framework/Versions/3.8/lib/python3.8/http/client.py", line 965, in send
    self.sock.sendall(data)
BrokenPipeError: [Errno 32] Broken pipe

During handling of the above exception, another exception occurred:

Traceback (most recent call last):
  File "/Library/Frameworks/Python.framework/Versions/3.8/lib/python3.8/site-packages/speech_recognition/__init__.py", line 840, in recognize_google
    response = urlopen(request, timeout=self.operation_timeout)
  File "/Library/Frameworks/Python.framework/Versions/3.8/lib/python3.8/urllib/request.py", line 222, in urlopen
    return opener.open(url, data, timeout)
  File "/Library/Frameworks/Python.framework/Versions/3.8/lib/python3.8/urllib/request.py", line 525, in open
    response = self._open(req, data)
  File "/Library/Frameworks/Python.framework/Versions/3.8/lib/python3.8/urllib/request.py", line 542, in _open
    result = self._call_chain(self.handle_open, protocol, protocol +
  File "/Library/Frameworks/Python.framework/Versions/3.8/lib/python3.8/urllib/request.py", line 502, in _call_chain
    result = func(*args)
  File "/Library/Frameworks/Python.framework/Versions/3.8/lib/python3.8/urllib/request.py", line 1348, in http_open
    return self.do_open(http.client.HTTPConnection, req)
  File "/Library/Frameworks/Python.framework/Versions/3.8/lib/python3.8/urllib/request.py", line 1322, in do_open
    raise URLError(err)
urllib.error.URLError: <urlopen error [Errno 32] Broken pipe>

During handling of the above exception, another exception occurred:

Traceback (most recent call last):
  File "AI.py", line 29, in Listener
    data = AudioReader.recognize_google(audio) 
  File "/Library/Frameworks/Python.framework/Versions/3.8/lib/python3.8/site-packages/speech_recognition/__init__.py", line 844, in recognize_google
    raise RequestError("recognition connection failed: {}".format(e.reason))
speech_recognition.RequestError: recognition connection failed: [Errno 32] Broken pipe

During handling of the above exception, another exception occurred:

Traceback (most recent call last):
  File "AI.py", line 107, in <module>
    audio = OneTrueMery.Listener() 
  File "AI.py", line 38, in Listener
    print ("Service error from Google Speech Recognition, check internet connection " + e)
TypeError: can only concatenate str (not "RequestError") to str
I'm Listening
waiting for audio...
I'm Listening
waiting for audio...
I'm Listening
you said :hey Mary
I'm Listening
you said :nevermind
I'm Listening
you said :ameri
I'm Listening
you said :it was nothing
I'm Listening
waiting for audio...
I'm Listening
waiting for audio...
I'm Listening
waiting for audio...
I'm Listening
waiting for audio...
I'm Listening
waiting for audio...
I'm Listening
waiting for audio...
I'm Listening
you said :he shouldn't be looking for me
I'm Listening
waiting for audio...
I'm Listening
waiting for audio...
I'm Listening
you said :when you need someone
I'm Listening
waiting for audio...
I'm Listening
waiting for audio...
I'm Listening
waiting for audio...
I'm Listening
waiting for audio...
I'm Listening
waiting for audio...
I'm Listening
waiting for audio...
I'm Listening
you said :no you're not
I'm Listening
you said :I want love
I'm Listening
you said :I hope
I'm Listening
waiting for audio...
I'm Listening
waiting for audio...
I'm Listening
waiting for audio...
I'm Listening
waiting for audio...
I'm Listening
waiting for audio...
I'm Listening
you said :when is new version jazz
I'm Listening
you said :little boy and little girl in the back
I'm Listening
you said :55
I'm Listening
waiting for audio...
I'm Listening
waiting for audio...
I'm Listening
waiting for audio...
I'm Listening
waiting for audio...
I'm Listening
waiting for audio...
I'm Listening
waiting for audio...
I'm Listening
waiting for audio...
I'm Listening
you said :fine she burnt the roast
I'm Listening
you said :dog pregnant
I'm Listening
waiting for audio...
I'm Listening
waiting for audio...
I'm Listening
waiting for audio...
I'm Listening
waiting for audio...
I'm Listening
waiting for audio...
I'm Listening
you said :I worry about a lot of things
I'm Listening
waiting for audio...
I'm Listening
waiting for audio...
I'm Listening
waiting for audio...
I'm Listening
waiting for audio...
I'm Listening
waiting for audio...
I'm Listening
waiting for audio...
I'm Listening
waiting for audio...
I'm Listening
waiting for audio...
I'm Listening
waiting for audio...
I'm Listening
waiting for audio...
I'm Listening
waiting for audio...
I'm Listening
waiting for audio...
I'm Listening
waiting for audio...
I'm Listening
waiting for audio...
I'm Listening
waiting for audio...
I'm Listening
waiting for audio...
I'm Listening
waiting for audio...
I'm Listening
waiting for audio...
I'm Listening
waiting for audio...
I'm Listening
waiting for audio...
I'm Listening
waiting for audio...
I'm Listening
waiting for audio...
I'm Listening
waiting for audio...
I'm Listening
waiting for audio...
I'm Listening
waiting for audio...
I'm Listening
waiting for audio...
I'm Listening
you said :what again
I'm Listening
waiting for audio...
I'm Listening
waiting for audio...
I'm Listening
waiting for audio...
I'm Listening
waiting for audio...
I'm Listening
waiting for audio...
I'm Listening
waiting for audio...
I'm Listening
waiting for audio...
I'm Listening
waiting for audio...
I'm Listening
waiting for audio...
I'm Listening
waiting for audio...
I'm Listening
waiting for audio...
I'm Listening
waiting for audio...
I'm Listening
you said :Alvin and the Chipmunks
I'm Listening
waiting for audio...
I'm Listening
waiting for audio...
I'm Listening
waiting for audio...
I'm Listening
waiting for audio...
I'm Listening
waiting for audio...
I'm Listening
waiting for audio...
I'm Listening
waiting for audio...
I'm Listening
you said :sumo
I'm Listening
waiting for audio...
I'm Listening
waiting for audio...
I'm Listening
waiting for audio...
I'm Listening
waiting for audio...
I'm Listening
waiting for audio...
I'm Listening
waiting for audio...
I'm Listening
waiting for audio...
I'm Listening
waiting for audio...
I'm Listening
waiting for audio...
I'm Listening
waiting for audio...
I'm Listening
waiting for audio...
I'm Listening
waiting for audio...
I'm Listening
waiting for audio...
I'm Listening
you said :good night
I'm Listening
waiting for audio...
I'm Listening
waiting for audio...
I'm Listening
waiting for audio...
I'm Listening
waiting for audio...
I'm Listening
waiting for audio...
I'm Listening
waiting for audio...
I'm Listening
waiting for audio...
I'm Listening
waiting for audio...
I'm Listening
waiting for audio...
I'm Listening
waiting for audio...
I'm Listening
you said :silicone
I'm Listening
waiting for audio...
I'm Listening
waiting for audio...
I'm Listening
waiting for audio...
I'm Listening
waiting for audio...
I'm Listening
waiting for audio...
I'm Listening
waiting for audio...
I'm Listening
waiting for audio...
I'm Listening
waiting for audio...
I'm Listening
waiting for audio...
I'm Listening
waiting for audio...
I'm Listening
waiting for audio...
I'm Listening
waiting for audio...
I'm Listening
waiting for audio...
I'm Listening
waiting for audio...
I'm Listening
waiting for audio...
I'm Listening
waiting for audio...
I'm Listening
waiting for audio...
I'm Listening
waiting for audio...
I'm Listening
you said :little rat
I'm Listening
waiting for audio...
I'm Listening
you said :lipedema
I'm Listening
waiting for audio...
I'm Listening
waiting for audio...
I'm Listening
waiting for audio...
I'm Listening
waiting for audio...
I'm Listening
waiting for audio...
I'm Listening
waiting for audio...
I'm Listening
waiting for audio...
I'm Listening
you said :you meant
I'm Listening
waiting for audio...
I'm Listening
waiting for audio...
I'm Listening
waiting for audio...
I'm Listening
you said :wolf.
I'm Listening
waiting for audio...
I'm Listening
waiting for audio...
I'm Listening
waiting for audio...
I'm Listening
waiting for audio...
I'm Listening
waiting for audio...
I'm Listening
waiting for audio...
I'm Listening
waiting for audio...
I'm Listening
waiting for audio...
I'm Listening
waiting for audio...
I'm Listening
waiting for audio...
I'm Listening
waiting for audio...
I'm Listening
waiting for audio...
I'm Listening
waiting for audio...
I'm Listening
waiting for audio...
I'm Listening
waiting for audio...
I'm Listening
you said :Highway
I'm Listening
you said :much more than this
I'm Listening
waiting for audio...
I'm Listening
waiting for audio...
I'm Listening
you said :I think we could get ahead of New York Times article and journal 2
I'm Listening
waiting for audio...
I'm Listening
waiting for audio...
I'm Listening
waiting for audio...
I'm Listening
waiting for audio...
I'm Listening
you said :dixkies no longer
I'm Listening
you said :can you call a bunch of Sterling state
I'm Listening
waiting for audio...
I'm Listening
waiting for audio...
I'm Listening
you said :dixkies no longer
I'm Listening
you said :I thought you said what did you do this
I'm Listening
waiting for audio...
I'm Listening
you said :partner
I'm Listening
waiting for audio...
I'm Listening
waiting for audio...
I'm Listening
waiting for audio...
I'm Listening
you said :what are you talking about
I'm Listening
you said :nothing
I'm Listening
waiting for audio...
I'm Listening
waiting for audio...
I'm Listening
waiting for audio...
I'm Listening
waiting for audio...
I'm Listening
you said :Century City movies
I'm Listening
waiting for audio...
I'm Listening
waiting for audio...
I'm Listening
waiting for audio...
I'm Listening
you said :I want to live in the car
I'm Listening
waiting for audio...
I'm Listening
you said :any more advertising something else somewhere else I don't think they open that says their own it up for the rest of Philip Morris
I'm Listening
you said :Capitol Avenue
I'm Listening
waiting for audio...
I'm Listening
waiting for audio...
I'm Listening
waiting for audio...
I'm Listening
waiting for audio...
I'm Listening
waiting for audio...
I'm Listening
waiting for audio...
I'm Listening
waiting for audio...
I'm Listening
waiting for audio...
I'm Listening
waiting for audio...
I'm Listening
waiting for audio...
I'm Listening
waiting for audio...
I'm Listening
waiting for audio...
I'm Listening
waiting for audio...
I'm Listening
waiting for audio...
I'm Listening
waiting for audio...
I'm Listening
Traceback (most recent call last):
  File "/Library/Frameworks/Python.framework/Versions/3.8/lib/python3.8/urllib/request.py", line 1319, in do_open
    h.request(req.get_method(), req.selector, req.data, headers,
  File "/Library/Frameworks/Python.framework/Versions/3.8/lib/python3.8/http/client.py", line 1230, in request
    self._send_request(method, url, body, headers, encode_chunked)
  File "/Library/Frameworks/Python.framework/Versions/3.8/lib/python3.8/http/client.py", line 1276, in _send_request
    self.endheaders(body, encode_chunked=encode_chunked)
  File "/Library/Frameworks/Python.framework/Versions/3.8/lib/python3.8/http/client.py", line 1225, in endheaders
    self._send_output(message_body, encode_chunked=encode_chunked)
  File "/Library/Frameworks/Python.framework/Versions/3.8/lib/python3.8/http/client.py", line 1043, in _send_output
    self.send(chunk)
  File "/Library/Frameworks/Python.framework/Versions/3.8/lib/python3.8/http/client.py", line 965, in send
    self.sock.sendall(data)
BrokenPipeError: [Errno 32] Broken pipe

During handling of the above exception, another exception occurred:

Traceback (most recent call last):
  File "/Library/Frameworks/Python.framework/Versions/3.8/lib/python3.8/site-packages/speech_recognition/__init__.py", line 840, in recognize_google
    response = urlopen(request, timeout=self.operation_timeout)
  File "/Library/Frameworks/Python.framework/Versions/3.8/lib/python3.8/urllib/request.py", line 222, in urlopen
    return opener.open(url, data, timeout)
  File "/Library/Frameworks/Python.framework/Versions/3.8/lib/python3.8/urllib/request.py", line 525, in open
    response = self._open(req, data)
  File "/Library/Frameworks/Python.framework/Versions/3.8/lib/python3.8/urllib/request.py", line 542, in _open
    result = self._call_chain(self.handle_open, protocol, protocol +
  File "/Library/Frameworks/Python.framework/Versions/3.8/lib/python3.8/urllib/request.py", line 502, in _call_chain
    result = func(*args)
  File "/Library/Frameworks/Python.framework/Versions/3.8/lib/python3.8/urllib/request.py", line 1348, in http_open
    return self.do_open(http.client.HTTPConnection, req)
  File "/Library/Frameworks/Python.framework/Versions/3.8/lib/python3.8/urllib/request.py", line 1322, in do_open
    raise URLError(err)
urllib.error.URLError: <urlopen error [Errno 32] Broken pipe>

During handling of the above exception, another exception occurred:

Traceback (most recent call last):
  File "AI.py", line 29, in Listener
    data = AudioReader.recognize_google(audio) 
  File "/Library/Frameworks/Python.framework/Versions/3.8/lib/python3.8/site-packages/speech_recognition/__init__.py", line 844, in recognize_google
    raise RequestError("recognition connection failed: {}".format(e.reason))
speech_recognition.RequestError: recognition connection failed: [Errno 32] Broken pipe

During handling of the above exception, another exception occurred:

Traceback (most recent call last):
  File "AI.py", line 107, in <module>
    audio = OneTrueMery.Listener() 
  File "AI.py", line 38, in Listener
    print ("Service error from Google Speech Recognition, check internet connection " + e)
TypeError: can only concatenate str (not "RequestError") to str
